Arguments: 
  /home/caegon/.nvm/versions/node/v18.16.0/bin/node /home/caegon/.yarn/bin/yarn.js

PATH: 
  /home/caegon/.rbenv/shims:/home/caegon/.rbenv/bin:/home/caegon/.yarn/bin:/home/caegon/.config/yarn/global/node_modules/.bin:/home/caegon/.nvm/versions/node/v18.16.0/bin:/home/caegon/.cargo/bin:/usr/local/sbin:/usr/local/bin:/usr/sbin:/usr/bin:/sbin:/bin:/usr/games:/usr/local/games:/usr/lib/wsl/lib:/mnt/c/Program Files/WindowsApps/Microsoft.WindowsTerminal_1.17.11461.0_x64__8wekyb3d8bbwe:/mnt/c/Program Files (x86)/Common Files/Oracle/Java/javapath:/mnt/c/Python310/Scripts/:/mnt/c/Python310/:/mnt/c/ffmpeg/bin:/mnt/c/Windows/system32:/mnt/c/Windows:/mnt/c/Windows/System32/Wbem:/mnt/c/Windows/System32/WindowsPowerShell/v1.0/:/mnt/c/Windows/System32/OpenSSH/:/mnt/c/Program Files/PuTTY/:/mnt/c/prefeitura_db:/mnt/c/litestream:/mnt/c/Program Files/Microsoft SQL Server/150/Tools/Binn/:/mnt/c/Program Files/Microsoft SQL Server/Client SDK/ODBC/170/Tools/Binn/:/mnt/c/Program Files/dotnet/:/mnt/c/Users/caego/AppData/Roaming/nvm:/mnt/c/Program Files/nodejs:/mnt/c/Users/caego/AppData/Local/Programs/Python/Python36-32/Scripts/:/mnt/c/Users/caego/AppData/Local/Programs/Python/Python36-32/:/mnt/c/Users/caego/AppData/Local/Microsoft/WindowsApps:/mnt/c/Users/caego/AppData/Local/Programs/Microsoft VS Code/bin:/mnt/c/Users/caego/.dotnet/tools:/mnt/c/Users/caego/AppData/Local/Android/Sdk/platform-tools:/mnt/c/Program Files (x86)/pgmodeler:/mnt/c/WINDOWS/system32:/mnt/c/WINDOWS:/mnt/c/WINDOWS/System32/Wbem:/mnt/c/WINDOWS/System32/WindowsPowerShell/v1.0/:/mnt/c/WINDOWS/System32/OpenSSH/:/mnt/c/Program Files (x86)/Java/jre1.8.0_361/bin:/mnt/c/Program Files/GitHub CLI/:/mnt/c/ProgramData/chocolatey/bin:/mnt/c/Program Files/NASM:/mnt/c/Program Files/Git/cmd:/mnt/c/Program Files/Docker/Docker/resources/bin:/mnt/c/ProgramData/DockerDesktop/version-bin:/mnt/c/Ruby31-x64/bin:/mnt/c/Users/caego/AppData/Local/Programs/Python/Python36-32/Scripts/:/mnt/c/Users/caego/AppData/Local/Programs/Python/Python36-32/:/mnt/c/Users/caego/AppData/Local/Microsoft/WindowsApps:/mnt/c/Users/caego/.dotnet/tools:/mnt/c/Users/caego/AppData/Roaming/nvm:/mnt/c/Program Files/nodejs:/mnt/c/Python27:/mnt/c/Python27/Scripts:/mnt/c/Python3:/mnt/c/Python3/Scripts:/mnt/c/Program Files/heroku/bin:/mnt/c/Users/caego/AppData/Roaming/Amazon:/mnt/c/Users/caego/AppData/Local/Programs/Microsoft VS Code/bin:/usr/lib/jvm/java-8-openjdk-amd64/bin:/usr/lib/jvm/java-8-openjdk-amd64/bin:/home/caegon/Android/tools:/home/caegon/Android/platform-tools

Yarn version: 
  1.22.18

Node version: 
  18.16.0

Platform: 
  linux x64

Trace: 
  SyntaxError: /home/caegon/react-native/rn-campinapolis-compras/package.json: Unexpected token < in JSON at position 1796
      at JSON.parse (<anonymous>)
      at /home/caegon/.yarn/lib/cli.js:1625:59
      at Generator.next (<anonymous>)
      at step (/home/caegon/.yarn/lib/cli.js:310:30)
      at /home/caegon/.yarn/lib/cli.js:321:13

npm manifest: 
  {
    "name": "campinapolis-compras",
    "version": "1.0.1",
    "main": "node_modules/expo/AppEntry.js",
    "scripts": {
      "start": "expo start",
      "start:android": "expo start --android",
      "start:ios": "expo start --ios",
      "start:storybook-server": "(adb reverse tcp:7007 tcp:7007 || true) && react-native-storybook-server",
      "build:ios": "eas build --platform ios",
      "build:android": "eas build --platform android",
      "publish:ios": "eas submit --platform ios",
      "publish:android": "eas submit --platform android",
      "storybook:generate": "sb-rn-get-stories",
      "storybook:watch": "sb-rn-watcher",
      "lint": "eslint . --ext .js,.jsx,.ts,.tsx"
    },
    "dependencies": {
      "@eva-design/eva": "^2.2.0",
      "@gorhom/bottom-sheet": "^4",
      "@gorhom/portal": "^1.0.14",
      "@react-native-async-storage/async-storage": "1.17.11",
      "@react-native-community/datetimepicker": "6.7.3",
      "@react-native-masked-view/masked-view": "0.2.8",
      "@react-navigation/bottom-tabs": "^6.4.0",
      "@react-navigation/elements": "^1.3.17",
      "@react-navigation/native": "^6.0.13",
      "@react-navigation/native-stack": "^6.9.1",
      "@shopify/restyle": "^2.1.0",
      "@types/react": "~18.0.27",
      "accounting": "^0.4.1",
      "add": "^2.0.6",
      "chance": "^1.1.9",
      "dayjs": "^1.11.6",
      "expo": "~48.0.15",
      "expo-blur": "~12.2.2",
      "expo-image": "~1.0.2",
      "expo-location": "~15.1.1",
      "expo-splash-screen": "~0.18.2",
      "expo-status-bar": "~1.4.4",
      "lottie-react-native": "5.1.4",
      "react": "18.2.0",
      "react-native": "0.71.13",
      "react-native-bouncy-checkbox": "^3.0.6",
      "react-native-confirmation-code-field": "^7.3.1",
      "react-native-dotenv": "^3.4.9",
      "react-native-gesture-handler": "~2.9.0",
      "react-native-maps": "1.3.2",
  <<<<<<< HEAD
      "react-native-masked-text": "^1.13.0",
  =======
      "react-native-mask-text": "^0.14.2",
  >>>>>>> work_on_address
      "react-native-pager-view": "6.1.2",
      "react-native-ratings": "^8.1.0",
      "react-native-reanimated": "~2.14.4",
      "react-native-reanimated-carousel": "^3.3.0",
      "react-native-safe-area-context": "4.5.0",
      "react-native-screens": "~3.20.0",
      "react-native-star-rating-widget": "^1.4.0",
      "react-native-step-indicator": "^1.0.3",
      "react-native-svg": "13.4.0",
      "react-native-tab-view": "^3.5.1",
      "react-native-text-input-mask": "^3.2.0",
      "react-native-ui-kitten": "^4.4.1",
      "react-redux": "^8.1.1",
      "redux": "^4.2.1",
      "redux-persist": "^6.0.0",
      "redux-thunk": "^2.4.2",
      "typescript": "^4.9.4",
      "yarn": "^1.22.19"
    },
    "devDependencies": {
      "@babel/core": "^7.12.9",
      "@react-native-community/eslint-config": "^3.2.0",
      "@react-native-community/slider": "^4.4.2",
      "@types/accounting": "^0.4.2",
      "@typescript-eslint/eslint-plugin": "^5.43.0",
      "@typescript-eslint/parser": "^5.43.0",
      "babel-loader": "^8.3.0",
      "eslint": "^8.28.0",
      "prettier": "^3.0.3",
      "react-dom": "18.2.0"
    },
    "private": true
  }

yarn manifest: 
  No manifest

Lockfile: 
  No lockfile
